[32m[Nest] 21876  - [39m18/06/2026, 22:10:00 [32m    LOG[39m [38;5;3m[NestFactory] [39m[32mStarting Nest application...[39m
[32m[Nest] 21876  - [39m18/06/2026, 22:10:00 [32m    LOG[39m [38;5;3m[InstanceLoader] [39m[32mPrismaModule dependencies initialized[39m[38;5;3m +33ms[39m
[32m[Nest] 21876  - [39m18/06/2026, 22:10:00 [32m    LOG[39m [38;5;3m[InstanceLoader] [39m[32mConfigHostModule dependencies initialized[39m[38;5;3m +3ms[39m
[32m[Nest] 21876  - [39m18/06/2026, 22:10:00 [32m    LOG[39m [38;5;3m[InstanceLoader] [39m[32mAppModule dependencies initialized[39m[38;5;3m +1ms[39m
[32m[Nest] 21876  - [39m18/06/2026, 22:10:00 [32m    LOG[39m [38;5;3m[InstanceLoader] [39m[32mDiscoveryModule dependencies initialized[39m[38;5;3m +1ms[39m
[32m[Nest] 21876  - [39m18/06/2026, 22:10:00 [32m    LOG[39m [38;5;3m[InstanceLoader] [39m[32mHealthModule dependencies initialized[39m[38;5;3m +1ms[39m
[32m[Nest] 21876  - [39m18/06/2026, 22:10:00 [32m    LOG[39m [38;5;3m[InstanceLoader] [39m[32mMetricsModule dependencies initialized[39m[38;5;3m +1ms[39m
[32m[Nest] 21876  - [39m18/06/2026, 22:10:00 [32m    LOG[39m [38;5;3m[InstanceLoader] [39m[32mAlertsModule dependencies initialized[39m[38;5;3m +0ms[39m
[32m[Nest] 21876  - [39m18/06/2026, 22:10:00 [32m    LOG[39m [38;5;3m[InstanceLoader] [39m[32mConfigModule dependencies initialized[39m[38;5;3m +1ms[39m
[32m[Nest] 21876  - [39m18/06/2026, 22:10:00 [32m    LOG[39m [38;5;3m[InstanceLoader] [39m[32mScheduleModule dependencies initialized[39m[38;5;3m +0ms[39m
[32m[Nest] 21876  - [39m18/06/2026, 22:10:00 [32m    LOG[39m [38;5;3m[RoutesResolver] [39m[32mAppController {/api/v1/monitoring}:[39m[38;5;3m +86ms[39m
[32m[Nest] 21876  - [39m18/06/2026, 22:10:00 [32m    LOG[39m [38;5;3m[RouterExplorer] [39m[32mMapped {/api/v1/monitoring/health, GET} route[39m[38;5;3m +4ms[39m
[32m[Nest] 21876  - [39m18/06/2026, 22:10:00 [32m    LOG[39m [38;5;3m[RoutesResolver] [39m[32mHealthController {/api/v1/monitoring/health}:[39m[38;5;3m +1ms[39m
[32m[Nest] 21876  - [39m18/06/2026, 22:10:00 [32m    LOG[39m [38;5;3m[RouterExplorer] [39m[32mMapped {/api/v1/monitoring/health, GET} route[39m[38;5;3m +0ms[39m
[32m[Nest] 21876  - [39m18/06/2026, 22:10:00 [32m    LOG[39m [38;5;3m[RouterExplorer] [39m[32mMapped {/api/v1/monitoring/health/summary, GET} route[39m[38;5;3m +1ms[39m
[32m[Nest] 21876  - [39m18/06/2026, 22:10:00 [32m    LOG[39m [38;5;3m[RouterExplorer] [39m[32mMapped {/api/v1/monitoring/health/:id, GET} route[39m[38;5;3m +1ms[39m
[32m[Nest] 21876  - [39m18/06/2026, 22:10:00 [32m    LOG[39m [38;5;3m[RouterExplorer] [39m[32mMapped {/api/v1/monitoring/health/service/:name, GET} route[39m[38;5;3m +0ms[39m
[32m[Nest] 21876  - [39m18/06/2026, 22:10:00 [32m    LOG[39m [38;5;3m[RouterExplorer] [39m[32mMapped {/api/v1/monitoring/health/register, POST} route[39m[38;5;3m +0ms[39m
[32m[Nest] 21876  - [39m18/06/2026, 22:10:00 [32m    LOG[39m [38;5;3m[RouterExplorer] [39m[32mMapped {/api/v1/monitoring/health/check/:serviceName, POST} route[39m[38;5;3m +1ms[39m
[32m[Nest] 21876  - [39m18/06/2026, 22:10:00 [32m    LOG[39m [38;5;3m[RouterExplorer] [39m[32mMapped {/api/v1/monitoring/health/check-all, POST} route[39m[38;5;3m +0ms[39m
[32m[Nest] 21876  - [39m18/06/2026, 22:10:00 [32m    LOG[39m [38;5;3m[RouterExplorer] [39m[32mMapped {/api/v1/monitoring/health/:id, DELETE} route[39m[38;5;3m +1ms[39m
[32m[Nest] 21876  - [39m18/06/2026, 22:10:00 [32m    LOG[39m [38;5;3m[RoutesResolver] [39m[32mMetricsController {/api/v1/monitoring/metrics}:[39m[38;5;3m +0ms[39m
[32m[Nest] 21876  - [39m18/06/2026, 22:10:00 [32m    LOG[39m [38;5;3m[RouterExplorer] [39m[32mMapped {/api/v1/monitoring/metrics/current, GET} route[39m[38;5;3m +1ms[39m
[32m[Nest] 21876  - [39m18/06/2026, 22:10:00 [32m    LOG[39m [38;5;3m[RouterExplorer] [39m[32mMapped {/api/v1/monitoring/metrics/history, GET} route[39m[38;5;3m +0ms[39m
[32m[Nest] 21876  - [39m18/06/2026, 22:10:00 [32m    LOG[39m [38;5;3m[RouterExplorer] [39m[32mMapped {/api/v1/monitoring/metrics/latest, GET} route[39m[38;5;3m +1ms[39m
[32m[Nest] 21876  - [39m18/06/2026, 22:10:00 [32m    LOG[39m [38;5;3m[RoutesResolver] [39m[32mAlertsController {/api/v1/monitoring/alerts}:[39m[38;5;3m +1ms[39m
[32m[Nest] 21876  - [39m18/06/2026, 22:10:00 [32m    LOG[39m [38;5;3m[RouterExplorer] [39m[32mMapped {/api/v1/monitoring/alerts, POST} route[39m[38;5;3m +1ms[39m
[32m[Nest] 21876  - [39m18/06/2026, 22:10:00 [32m    LOG[39m [38;5;3m[RouterExplorer] [39m[32mMapped {/api/v1/monitoring/alerts, GET} route[39m[38;5;3m +0ms[39m
[32m[Nest] 21876  - [39m18/06/2026, 22:10:00 [32m    LOG[39m [38;5;3m[RouterExplorer] [39m[32mMapped {/api/v1/monitoring/alerts/:id, GET} route[39m[38;5;3m +0ms[39m
[32m[Nest] 21876  - [39m18/06/2026, 22:10:00 [32m    LOG[39m [38;5;3m[RouterExplorer] [39m[32mMapped {/api/v1/monitoring/alerts/:id, PUT} route[39m[38;5;3m +1ms[39m
[32m[Nest] 21876  - [39m18/06/2026, 22:10:00 [32m    LOG[39m [38;5;3m[RouterExplorer] [39m[32mMapped {/api/v1/monitoring/alerts/:id/resolve, PATCH} route[39m[38;5;3m +0ms[39m
[32m[Nest] 21876  - [39m18/06/2026, 22:10:00 [32m    LOG[39m [38;5;3m[RouterExplorer] [39m[32mMapped {/api/v1/monitoring/alerts/:id, DELETE} route[39m[38;5;3m +1ms[39m
[32m[Nest] 21876  - [39m18/06/2026, 22:10:00 [32m    LOG[39m [38;5;3m[PrismaService] [39m[32mConnected to database[39m
[32m[Nest] 21876  - [39m18/06/2026, 22:10:00 [32m    LOG[39m [38;5;3m[NestApplication] [39m[32mNest application successfully started[39m[38;5;3m +52ms[39m
