[32m[Nest] 13168  - [39m18/06/2026, 22:10:00 [32m    LOG[39m [38;5;3m[NestFactory] [39m[32mStarting Nest application...[39m
[33m[Nest] 13168  - [39m18/06/2026, 22:10:00 [33m   WARN[39m [38;5;3m[SmsService] [39m[33mTwilio not configured. SMS will use mock mode.[39m
[33m[Nest] 13168  - [39m18/06/2026, 22:10:00 [33m   WARN[39m [38;5;3m[WhatsappService] [39m[33mTwilio WhatsApp not configured. WhatsApp will use mock mode.[39m
[33m[Nest] 13168  - [39m18/06/2026, 22:10:00 [33m   WARN[39m [38;5;3m[PushService] [39m[33mFCM not configured. Push will use mock mode.[39m
[32m[Nest] 13168  - [39m18/06/2026, 22:10:00 [32m    LOG[39m [38;5;3m[InstanceLoader] [39m[32mAppModule dependencies initialized[39m[38;5;3m +13ms[39m
[32m[Nest] 13168  - [39m18/06/2026, 22:10:00 [32m    LOG[39m [38;5;3m[InstanceLoader] [39m[32mPrismaModule dependencies initialized[39m[38;5;3m +6ms[39m
[32m[Nest] 13168  - [39m18/06/2026, 22:10:00 [32m    LOG[39m [38;5;3m[InstanceLoader] [39m[32mMailerModule dependencies initialized[39m[38;5;3m +1ms[39m
[32m[Nest] 13168  - [39m18/06/2026, 22:10:00 [32m    LOG[39m [38;5;3m[InstanceLoader] [39m[32mMailerCoreModule dependencies initialized[39m[38;5;3m +3ms[39m
[33m[Nest] 13168  - [39m18/06/2026, 22:10:00 [33m   WARN[39m [38;5;3m[EmailService] [39m[33mSMTP not configured. Email will use mock mode.[39m
[32m[Nest] 13168  - [39m18/06/2026, 22:10:00 [32m    LOG[39m [38;5;3m[InstanceLoader] [39m[32mSmsModule dependencies initialized[39m[38;5;3m +1ms[39m
[32m[Nest] 13168  - [39m18/06/2026, 22:10:00 [32m    LOG[39m [38;5;3m[InstanceLoader] [39m[32mWhatsappModule dependencies initialized[39m[38;5;3m +0ms[39m
[32m[Nest] 13168  - [39m18/06/2026, 22:10:00 [32m    LOG[39m [38;5;3m[InstanceLoader] [39m[32mPushModule dependencies initialized[39m[38;5;3m +0ms[39m
[32m[Nest] 13168  - [39m18/06/2026, 22:10:00 [32m    LOG[39m [38;5;3m[InstanceLoader] [39m[32mTemplatesModule dependencies initialized[39m[38;5;3m +1ms[39m
[32m[Nest] 13168  - [39m18/06/2026, 22:10:00 [32m    LOG[39m [38;5;3m[InstanceLoader] [39m[32mEmailModule dependencies initialized[39m[38;5;3m +0ms[39m
[32m[Nest] 13168  - [39m18/06/2026, 22:10:00 [32m    LOG[39m [38;5;3m[InstanceLoader] [39m[32mNotificationsModule dependencies initialized[39m[38;5;3m +0ms[39m
[32m[Nest] 13168  - [39m18/06/2026, 22:10:00 [32m    LOG[39m [38;5;3m[InstanceLoader] [39m[32mNotificacoesModule dependencies initialized[39m[38;5;3m +0ms[39m
[32m[Nest] 13168  - [39m18/06/2026, 22:10:00 [32m    LOG[39m [38;5;3m[RoutesResolver] [39m[32mNotificacoesController {/notificacoes}:[39m[38;5;3m +81ms[39m
[32m[Nest] 13168  - [39m18/06/2026, 22:10:00 [32m    LOG[39m [38;5;3m[RouterExplorer] [39m[32mMapped {/notificacoes, POST} route[39m[38;5;3m +4ms[39m
[32m[Nest] 13168  - [39m18/06/2026, 22:10:00 [32m    LOG[39m [38;5;3m[RouterExplorer] [39m[32mMapped {/notificacoes, GET} route[39m[38;5;3m +0ms[39m
[32m[Nest] 13168  - [39m18/06/2026, 22:10:00 [32m    LOG[39m [38;5;3m[RouterExplorer] [39m[32mMapped {/notificacoes/:id, GET} route[39m[38;5;3m +1ms[39m
[32m[Nest] 13168  - [39m18/06/2026, 22:10:00 [32m    LOG[39m [38;5;3m[RouterExplorer] [39m[32mMapped {/notificacoes/:id, DELETE} route[39m[38;5;3m +0ms[39m
[32m[Nest] 13168  - [39m18/06/2026, 22:10:00 [32m    LOG[39m [38;5;3m[RouterExplorer] [39m[32mMapped {/notificacoes/send, POST} route[39m[38;5;3m +1ms[39m
[32m[Nest] 13168  - [39m18/06/2026, 22:10:00 [32m    LOG[39m [38;5;3m[RouterExplorer] [39m[32mMapped {/notificacoes/:id/read, PATCH} route[39m[38;5;3m +0ms[39m
[32m[Nest] 13168  - [39m18/06/2026, 22:10:00 [32m    LOG[39m [38;5;3m[RouterExplorer] [39m[32mMapped {/notificacoes/mark-all-read, POST} route[39m[38;5;3m +1ms[39m
[32m[Nest] 13168  - [39m18/06/2026, 22:10:00 [32m    LOG[39m [38;5;3m[RoutesResolver] [39m[32mFilaEnvioController {/fila-envio}:[39m[38;5;3m +0ms[39m
[32m[Nest] 13168  - [39m18/06/2026, 22:10:00 [32m    LOG[39m [38;5;3m[RouterExplorer] [39m[32mMapped {/fila-envio/process, POST} route[39m[38;5;3m +1ms[39m
[32m[Nest] 13168  - [39m18/06/2026, 22:10:00 [32m    LOG[39m [38;5;3m[RouterExplorer] [39m[32mMapped {/fila-envio/stats, GET} route[39m[38;5;3m +1ms[39m
[32m[Nest] 13168  - [39m18/06/2026, 22:10:00 [32m    LOG[39m [38;5;3m[RoutesResolver] [39m[32mTemplatesController {/templates}:[39m[38;5;3m +0ms[39m
[32m[Nest] 13168  - [39m18/06/2026, 22:10:00 [32m    LOG[39m [38;5;3m[RouterExplorer] [39m[32mMapped {/templates, POST} route[39m[38;5;3m +1ms[39m
[32m[Nest] 13168  - [39m18/06/2026, 22:10:00 [32m    LOG[39m [38;5;3m[RouterExplorer] [39m[32mMapped {/templates, GET} route[39m[38;5;3m +0ms[39m
[32m[Nest] 13168  - [39m18/06/2026, 22:10:00 [32m    LOG[39m [38;5;3m[RouterExplorer] [39m[32mMapped {/templates/:id, GET} route[39m[38;5;3m +0ms[39m
[32m[Nest] 13168  - [39m18/06/2026, 22:10:00 [32m    LOG[39m [38;5;3m[RouterExplorer] [39m[32mMapped {/templates/:id, PATCH} route[39m[38;5;3m +1ms[39m
[32m[Nest] 13168  - [39m18/06/2026, 22:10:00 [32m    LOG[39m [38;5;3m[RouterExplorer] [39m[32mMapped {/templates/:id, DELETE} route[39m[38;5;3m +0ms[39m
[32m[Nest] 13168  - [39m18/06/2026, 22:10:00 [32m    LOG[39m [38;5;3m[RoutesResolver] [39m[32mEmailController {/email}:[39m[38;5;3m +0ms[39m
[32m[Nest] 13168  - [39m18/06/2026, 22:10:00 [32m    LOG[39m [38;5;3m[RouterExplorer] [39m[32mMapped {/email/enviar, POST} route[39m[38;5;3m +1ms[39m
[32m[Nest] 13168  - [39m18/06/2026, 22:10:00 [32m    LOG[39m [38;5;3m[RouterExplorer] [39m[32mMapped {/email/test, POST} route[39m[38;5;3m +0ms[39m
[32m[Nest] 13168  - [39m18/06/2026, 22:10:00 [32m    LOG[39m [38;5;3m[RoutesResolver] [39m[32mSmsController {/sms}:[39m[38;5;3m +1ms[39m
[32m[Nest] 13168  - [39m18/06/2026, 22:10:00 [32m    LOG[39m [38;5;3m[RouterExplorer] [39m[32mMapped {/sms/enviar, POST} route[39m[38;5;3m +0ms[39m
[32m[Nest] 13168  - [39m18/06/2026, 22:10:00 [32m    LOG[39m [38;5;3m[RoutesResolver] [39m[32mWhatsappController {/whatsapp}:[39m[38;5;3m +1ms[39m
[32m[Nest] 13168  - [39m18/06/2026, 22:10:00 [32m    LOG[39m [38;5;3m[RouterExplorer] [39m[32mMapped {/whatsapp/enviar, POST} route[39m[38;5;3m +0ms[39m
[32m[Nest] 13168  - [39m18/06/2026, 22:10:00 [32m    LOG[39m [38;5;3m[RoutesResolver] [39m[32mPushController {/push}:[39m[38;5;3m +0ms[39m
[32m[Nest] 13168  - [39m18/06/2026, 22:10:00 [32m    LOG[39m [38;5;3m[RouterExplorer] [39m[32mMapped {/push/enviar, POST} route[39m[38;5;3m +1ms[39m
[32m[Nest] 13168  - [39m18/06/2026, 22:10:00 [32m    LOG[39m [38;5;3m[RoutesResolver] [39m[32mNotificationsController {/notifications}:[39m[38;5;3m +0ms[39m
[32m[Nest] 13168  - [39m18/06/2026, 22:10:00 [32m    LOG[39m [38;5;3m[RouterExplorer] [39m[32mMapped {/notifications/enviar, POST} route[39m[38;5;3m +0ms[39m
[32m[Nest] 13168  - [39m18/06/2026, 22:10:00 [32m    LOG[39m [38;5;3m[RouterExplorer] [39m[32mMapped {/notifications/status/:id, GET} route[39m[38;5;3m +1ms[39m
[32m[Nest] 13168  - [39m18/06/2026, 22:10:00 [32m    LOG[39m [38;5;3m[PrismaService] [39m[32mConnected to database[39m
[32m[Nest] 13168  - [39m18/06/2026, 22:10:00 [32m    LOG[39m [38;5;3m[NestApplication] [39m[32mNest application successfully started[39m[38;5;3m +2ms[39m
[32m[Nest] 13168  - [39m18/06/2026, 22:10:00 [32m    LOG[39m [38;5;3m[NotificationService] [39m[32mNotification service running on port 3014[39m
